{"numTotalTestSuites":68,"numPassedTestSuites":68,"numFailedTestSuites":0,"numPendingTestSuites":0,"numTotalTests":190,"numPassedTests":190,"numFailedTests":0,"numPendingTests":0,"numTodoTests":0,"snapshot":{"added":0,"failure":false,"filesAdded":0,"filesRemoved":0,"filesRemovedList":[],"filesUnmatched":0,"filesUpdated":0,"matched":0,"total":0,"unchecked":0,"uncheckedKeysByFile":[],"unmatched":0,"updated":0,"didUpdate":false},"startTime":1773813364789,"success":true,"testResults":[{"assertionResults":[{"ancestorTitles":["ChampionsPage Integration"],"fullName":"ChampionsPage Integration renders all leaderboard sections","status":"passed","title":"renders all leaderboard sections","duration":338.9640410000002,"failureMessages":[],"meta":{},"tags":[]},{"ancestorTitles":["ChampionsPage Integration"],"fullName":"ChampionsPage Integration season filter changes recompute leaderboard results","status":"passed","title":"season filter changes recompute leaderboard results","duration":166.06708400000002,"failureMessages":[],"meta":{},"tags":[]},{"ancestorTitles":["ChampionsPage Integration"],"fullName":"ChampionsPage Integration Most Consistent Batter card is hidden when a specific season is selected","status":"passed","title":"Most Consistent Batter card is hidden when a specific season is selected","duration":167.15591700000004,"failureMessages":[],"meta":{},"tags":[]},{"ancestorTitles":["ChampionsPage Integration"],"fullName":"ChampionsPage Integration empty state messages render correctly","status":"passed","title":"empty state messages render correctly","duration":6.893708000000061,"failureMessages":[],"meta":{},"tags":[]},{"ancestorTitles":["ChampionsPage Integration"],"fullName":"ChampionsPage Integration player name links navigate to /player/[id]","status":"passed","title":"player name links navigate to /player/[id]","duration":747.5040410000001,"failureMessages":[],"meta":{},"tags":[]},{"ancestorTitles":["ChampionsPage Integration"],"fullName":"ChampionsPage Integration renders breadcrumb navigation","status":"passed","title":"renders breadcrumb navigation","duration":95.60987499999965,"failureMessages":[],"meta":{},"tags":[]},{"ancestorTitles":["ChampionsPage Integration"],"fullName":"ChampionsPage Integration renders HeroPodium with top performers","status":"passed","title":"renders HeroPodium with top performers","duration":96.33166699999992,"failureMessages":[],"meta":{},"tags":[]}],"startTime":1773813367781,"endTime":1773813369399.3318,"status":"passed","message":"","name":"/Users/Utkarsh.x.Chaturvedi/Documents/backup/IndigoProjects/my-kiro-poc/__tests__/components/ChampionsPage.test.tsx"},{"assertionResults":[{"ancestorTitles":["Feature: dream-team-selector, Property 7: Dream Team Card displays required information"],"fullName":"Feature: dream-team-selector, Property 7: Dream Team Card displays required information rendered card contains player name, team, primary role, secondary role (if present), and score","status":"passed","title":"rendered card contains player name, team, primary role, secondary role (if present), and score","duration":392.1658329999998,"failureMessages":[],"meta":{},"tags":[]},{"ancestorTitles":["DreamTeamCard unit tests"],"fullName":"DreamTeamCard unit tests renders player info correctly","status":"passed","title":"renders player info correctly","duration":3.3051249999998618,"failureMessages":[],"meta":{},"tags":[]},{"ancestorTitles":["DreamTeamCard unit tests"],"fullName":"DreamTeamCard unit tests links to player detail page","status":"passed","title":"links to player detail page","duration":2.9515409999999065,"failureMessages":[],"meta":{},"tags":[]},{"ancestorTitles":["DreamTeamCard unit tests"],"fullName":"DreamTeamCard unit tests shows secondary role when present","status":"passed","title":"shows secondary role when present","duration":3.8451669999999467,"failureMessages":[],"meta":{},"tags":[]},{"ancestorTitles":["DreamTeamCard unit tests"],"fullName":"DreamTeamCard unit tests does not show secondary role when absent","status":"passed","title":"does not show secondary role when absent","duration":3.240624999999909,"failureMessages":[],"meta":{},"tags":[]},{"ancestorTitles":["DreamTeamCard unit tests"],"fullName":"DreamTeamCard unit tests displays team label badge","status":"passed","title":"displays team label badge","duration":2.5325000000000273,"failureMessages":[],"meta":{},"tags":[]}],"startTime":1773813367800,"endTime":1773813368209.5325,"status":"passed","message":"","name":"/Users/Utkarsh.x.Chaturvedi/Documents/backup/IndigoProjects/my-kiro-poc/__tests__/components/DreamTeamCard.test.tsx"},{"assertionResults":[{"ancestorTitles":["DreamTeamPage"],"fullName":"DreamTeamPage renders team pickers and generate button","status":"passed","title":"renders team pickers and generate button","duration":99.62954200000013,"failureMessages":[],"meta":{},"tags":[]},{"ancestorTitles":["DreamTeamPage"],"fullName":"DreamTeamPage generate button is disabled when no teams selected","status":"passed","title":"generate button is disabled when no teams selected","duration":6.453625000000102,"failureMessages":[],"meta":{},"tags":[]},{"ancestorTitles":["DreamTeamPage"],"fullName":"DreamTeamPage generate button is disabled when same team selected","status":"passed","title":"generate button is disabled when same team selected","duration":17.64300000000003,"failureMessages":[],"meta":{},"tags":[]},{"ancestorTitles":["DreamTeamPage"],"fullName":"DreamTeamPage generate button is enabled when two different teams selected","status":"passed","title":"generate button is enabled when two different teams selected","duration":22.837332999999944,"failureMessages":[],"meta":{},"tags":[]},{"ancestorTitles":["DreamTeamPage"],"fullName":"DreamTeamPage generates Dream XI and displays player cards grouped by role","status":"passed","title":"generates Dream XI and displays player cards grouped by role","duration":90.51424999999995,"failureMessages":[],"meta":{},"tags":[]},{"ancestorTitles":["DreamTeamPage"],"fullName":"DreamTeamPage season filter dropdown is present with All Seasons default","status":"passed","title":"season filter dropdown is present with All Seasons default","duration":3.2958750000000236,"failureMessages":[],"meta":{},"tags":[]},{"ancestorTitles":["DreamTeamPage"],"fullName":"DreamTeamPage breadcrumb navigation to dashboard exists","status":"passed","title":"breadcrumb navigation to dashboard exists","duration":170.492125,"failureMessages":[],"meta":{},"tags":[]},{"ancestorTitles":["Dashboard navigation"],"fullName":"Dashboard navigation has a Dream Team link pointing to /dream-team","status":"passed","title":"has a Dream Team link pointing to /dream-team","duration":238.38870800000018,"failureMessages":[],"meta":{},"tags":[]}],"startTime":1773813367720,"endTime":1773813368370.3887,"status":"passed","message":"","name":"/Users/Utkarsh.x.Chaturvedi/Documents/backup/IndigoProjects/my-kiro-poc/__tests__/components/DreamTeamPage.test.tsx"},{"assertionResults":[{"ancestorTitles":["FilterPanel"],"fullName":"FilterPanel renders primary role, secondary role, team, and season dropdowns","status":"passed","title":"renders primary role, secondary role, team, and season dropdowns","duration":75.93508300000008,"failureMessages":[],"meta":{},"tags":[]},{"ancestorTitles":["FilterPanel"],"fullName":"FilterPanel calls onChange with updated primaryRole when primary role is selected","status":"passed","title":"calls onChange with updated primaryRole when primary role is selected","duration":8.525457999999844,"failureMessages":[],"meta":{},"tags":[]},{"ancestorTitles":["FilterPanel"],"fullName":"FilterPanel calls onChange with updated secondaryRole when secondary role is selected","status":"passed","title":"calls onChange with updated secondaryRole when secondary role is selected","duration":27.686165999999957,"failureMessages":[],"meta":{},"tags":[]},{"ancestorTitles":["FilterPanel"],"fullName":"FilterPanel calls onChange with updated team when team is selected","status":"passed","title":"calls onChange with updated team when team is selected","duration":9.570166999999856,"failureMessages":[],"meta":{},"tags":[]},{"ancestorTitles":["FilterPanel"],"fullName":"FilterPanel calls onChange with updated season when season is selected","status":"passed","title":"calls onChange with updated season when season is selected","duration":13.511417000000165,"failureMessages":[],"meta":{},"tags":[]},{"ancestorTitles":["FilterPanel"],"fullName":"FilterPanel shows reset button when filters are active and resets on click","status":"passed","title":"shows reset button when filters are active and resets on click","duration":147.52049999999986,"failureMessages":[],"meta":{},"tags":[]},{"ancestorTitles":["FilterPanel"],"fullName":"FilterPanel does not show reset button when no filters are active","status":"passed","title":"does not show reset button when no filters are active","duration":13.183166999999912,"failureMessages":[],"meta":{},"tags":[]},{"ancestorTitles":["FilterPanel"],"fullName":"FilterPanel has a mobile toggle button with aria-expanded","status":"passed","title":"has a mobile toggle button with aria-expanded","duration":19.3767499999999,"failureMessages":[],"meta":{},"tags":[]},{"ancestorTitles":["FilterPanel"],"fullName":"FilterPanel sets primaryRole to null when 'All Roles' is selected","status":"passed","title":"sets primaryRole to null when 'All Roles' is selected","duration":15.262332999999899,"failureMessages":[],"meta":{},"tags":[]}],"startTime":1773813367660,"endTime":1773813368002.2625,"status":"passed","message":"","name":"/Users/Utkarsh.x.Chaturvedi/Documents/backup/IndigoProjects/my-kiro-poc/__tests__/components/FilterPanel.test.tsx"},{"assertionResults":[{"ancestorTitles":["HeroPodium"],"fullName":"HeroPodium renders all three performers when given 3 entries","status":"passed","title":"renders all three performers when given 3 entries","duration":49.64883299999997,"failureMessages":[],"meta":{},"tags":[]},{"ancestorTitles":["HeroPodium"],"fullName":"HeroPodium renders with fewer than 3 performers","status":"passed","title":"renders with fewer than 3 performers","duration":5.095082999999931,"failureMessages":[],"meta":{},"tags":[]},{"ancestorTitles":["HeroPodium"],"fullName":"HeroPodium returns null when given an empty array","status":"passed","title":"returns null when given an empty array","duration":1.2625000000000455,"failureMessages":[],"meta":{},"tags":[]},{"ancestorTitles":["HeroPodium"],"fullName":"HeroPodium shows gold, silver, and bronze medal emojis","status":"passed","title":"shows gold, silver, and bronze medal emojis","duration":5.646165999999994,"failureMessages":[],"meta":{},"tags":[]},{"ancestorTitles":["HeroPodium"],"fullName":"HeroPodium displays player names and stat values","status":"passed","title":"displays player names and stat values","duration":6.41641699999991,"failureMessages":[],"meta":{},"tags":[]},{"ancestorTitles":["HeroPodium"],"fullName":"HeroPodium displays team names for each performer","status":"passed","title":"displays team names for each performer","duration":3.024415999999974,"failureMessages":[],"meta":{},"tags":[]},{"ancestorTitles":["HeroPodium"],"fullName":"HeroPodium formats decimal stat values to 2 decimal places","status":"passed","title":"formats decimal stat values to 2 decimal places","duration":3.383542000000034,"failureMessages":[],"meta":{},"tags":[]}],"startTime":1773813369648,"endTime":1773813369723.3835,"status":"passed","message":"","name":"/Users/Utkarsh.x.Chaturvedi/Documents/backup/IndigoProjects/my-kiro-poc/__tests__/components/HeroPodium.test.tsx"},{"assertionResults":[{"ancestorTitles":["LeaderboardCard"],"fullName":"LeaderboardCard renders with valid data (best, average, worst all present)","status":"passed","title":"renders with valid data (best, average, worst all present)","duration":110.4710419999999,"failureMessages":[],"meta":{},"tags":[]},{"ancestorTitles":["LeaderboardCard"],"fullName":"LeaderboardCard shows empty state message when isEmpty is true","status":"passed","title":"shows empty state message when isEmpty is true","duration":2.085749999999962,"failureMessages":[],"meta":{},"tags":[]},{"ancestorTitles":["LeaderboardCard"],"fullName":"LeaderboardCard player name links navigate to /player/[id]","status":"passed","title":"player name links navigate to /player/[id]","duration":141.64079199999992,"failureMessages":[],"meta":{},"tags":[]},{"ancestorTitles":["LeaderboardCard"],"fullName":"LeaderboardCard gold/silver/bronze accent colors are applied via style attributes","status":"passed","title":"gold/silver/bronze accent colors are applied via style attributes","duration":4.779541999999992,"failureMessages":[],"meta":{},"tags":[]},{"ancestorTitles":["LeaderboardCard"],"fullName":"LeaderboardCard formats integer stat values without decimals","status":"passed","title":"formats integer stat values without decimals","duration":2.2657090000000153,"failureMessages":[],"meta":{},"tags":[]},{"ancestorTitles":["LeaderboardCard"],"fullName":"LeaderboardCard formats decimal stat values to 2 decimal places","status":"passed","title":"formats decimal stat values to 2 decimal places","duration":1.7133340000000317,"failureMessages":[],"meta":{},"tags":[]},{"ancestorTitles":["LeaderboardCard"],"fullName":"LeaderboardCard shows trophy icon for best performer","status":"passed","title":"shows trophy icon for best performer","duration":2.6074160000000575,"failureMessages":[],"meta":{},"tags":[]}],"startTime":1773813369332,"endTime":1773813369597.6074,"status":"passed","message":"","name":"/Users/Utkarsh.x.Chaturvedi/Documents/backup/IndigoProjects/my-kiro-poc/__tests__/components/LeaderboardCard.test.tsx"},{"assertionResults":[{"ancestorTitles":["Property 1: Role-appropriate stat display"],"fullName":"Property 1: Role-appropriate stat display Batters show batting stats and no bowling stats","status":"passed","title":"Batters show batting stats and no bowling stats","duration":489.004542,"failureMessages":[],"meta":{},"tags":[]},{"ancestorTitles":["Property 1: Role-appropriate stat display"],"fullName":"Property 1: Role-appropriate stat display Batter/Wicket-Keepers show batting stats and no bowling stats","status":"passed","title":"Batter/Wicket-Keepers show batting stats and no bowling stats","duration":526.6027919999999,"failureMessages":[],"meta":{},"tags":[]},{"ancestorTitles":["Property 1: Role-appropriate stat display"],"fullName":"Property 1: Role-appropriate stat display Bowlers show bowling stats and no batting stats","status":"passed","title":"Bowlers show bowling stats and no batting stats","duration":394.33737500000007,"failureMessages":[],"meta":{},"tags":[]},{"ancestorTitles":["Property 1: Role-appropriate stat display"],"fullName":"Property 1: Role-appropriate stat display All-Rounders (Batter primary) show both batting and bowling stats","status":"passed","title":"All-Rounders (Batter primary) show both batting and bowling stats","duration":441.71779200000014,"failureMessages":[],"meta":{},"tags":[]},{"ancestorTitles":["Property 1: Role-appropriate stat display"],"fullName":"Property 1: Role-appropriate stat display All-Rounders (Bowler primary) show both batting and bowling stats","status":"passed","title":"All-Rounders (Bowler primary) show both batting and bowling stats","duration":363.0558329999999,"failureMessages":[],"meta":{},"tags":[]}],"startTime":1773813366000,"endTime":1773813368215.056,"status":"passed","message":"","name":"/Users/Utkarsh.x.Chaturvedi/Documents/backup/IndigoProjects/my-kiro-poc/__tests__/components/PlayerCard.test.tsx"},{"assertionResults":[{"ancestorTitles":["Property 8: Comparison view shows matching stat rows"],"fullName":"Property 8: Comparison view shows matching stat rows for any set of 2 to 4 players, the comparison output contains the same stat rows for each player and each row has a value for every player","status":"passed","title":"for any set of 2 to 4 players, the comparison output contains the same stat rows for each player and each row has a value for every player","duration":1653.4388749999998,"failureMessages":[],"meta":{},"tags":[]},{"ancestorTitles":["Property 9: Superior stat highlighting"],"fullName":"Property 9: Superior stat highlighting for any set of 2 to 4 players and any stat row, the highlighted value is the best among compared players","status":"passed","title":"for any set of 2 to 4 players and any stat row, the highlighted value is the best among compared players","duration":1607.851,"failureMessages":[],"meta":{},"tags":[]}],"startTime":1773813365786,"endTime":1773813369047.851,"status":"passed","message":"","name":"/Users/Utkarsh.x.Chaturvedi/Documents/backup/IndigoProjects/my-kiro-poc/__tests__/components/PlayerComparison.test.tsx"},{"assertionResults":[{"ancestorTitles":["PlayerDetailView"],"fullName":"PlayerDetailView Performance Trends heading appears between Career Stats and Season-by-Season Stats","status":"passed","title":"Performance Trends heading appears between Career Stats and Season-by-Season Stats","duration":140.3014579999999,"failureMessages":[],"meta":{},"tags":[]}],"startTime":1773813369536,"endTime":1773813369676.3015,"status":"passed","message":"","name":"/Users/Utkarsh.x.Chaturvedi/Documents/backup/IndigoProjects/my-kiro-poc/__tests__/components/PlayerDetailView.test.tsx"},{"assertionResults":[{"ancestorTitles":["ProgressGraphSection"],"fullName":"ProgressGraphSection renders Performance Trends heading","status":"passed","title":"renders Performance Trends heading","duration":24.7046670000002,"failureMessages":[],"meta":{},"tags":[]},{"ancestorTitles":["ProgressGraphSection"],"fullName":"ProgressGraphSection renders batting chart ARIA label for batter","status":"passed","title":"renders batting chart ARIA label for batter","duration":4.192416999999978,"failureMessages":[],"meta":{},"tags":[]},{"ancestorTitles":["ProgressGraphSection"],"fullName":"ProgressGraphSection renders bowling chart ARIA label for bowler","status":"passed","title":"renders bowling chart ARIA label for bowler","duration":3.753541000000041,"failureMessages":[],"meta":{},"tags":[]},{"ancestorTitles":["ProgressGraphSection"],"fullName":"ProgressGraphSection renders both charts for all-rounder","status":"passed","title":"renders both charts for all-rounder","duration":2.7029589999999644,"failureMessages":[],"meta":{},"tags":[]},{"ancestorTitles":["ProgressGraphSection"],"fullName":"ProgressGraphSection renders no charts when player has no data","status":"passed","title":"renders no charts when player has no data","duration":3.1337499999999636,"failureMessages":[],"meta":{},"tags":[]}],"startTime":1773813369684,"endTime":1773813369722.1338,"status":"passed","message":"","name":"/Users/Utkarsh.x.Chaturvedi/Documents/backup/IndigoProjects/my-kiro-poc/__tests__/components/ProgressGraphSection.test.tsx"},{"assertionResults":[{"ancestorTitles":["SearchBar"],"fullName":"SearchBar renders with the provided query value","status":"passed","title":"renders with the provided query value","duration":191.99179200000003,"failureMessages":[],"meta":{},"tags":[]},{"ancestorTitles":["SearchBar"],"fullName":"SearchBar calls onChange when user types","status":"passed","title":"calls onChange when user types","duration":35.320625000000064,"failureMessages":[],"meta":{},"tags":[]},{"ancestorTitles":["SearchBar"],"fullName":"SearchBar renders a search icon (decorative svg)","status":"passed","title":"renders a search icon (decorative svg)","duration":2.705541999999923,"failureMessages":[],"meta":{},"tags":[]},{"ancestorTitles":["SearchBar"],"fullName":"SearchBar has accessible label","status":"passed","title":"has accessible label","duration":14.409040999999888,"failureMessages":[],"meta":{},"tags":[]}],"startTime":1773813368265,"endTime":1773813368509.409,"status":"passed","message":"","name":"/Users/Utkarsh.x.Chaturvedi/Documents/backup/IndigoProjects/my-kiro-poc/__tests__/components/SearchBar.test.tsx"},{"assertionResults":[{"ancestorTitles":["SortControls"],"fullName":"SortControls renders sort select with current key selected","status":"passed","title":"renders sort select with current key selected","duration":49.26112499999999,"failureMessages":[],"meta":{},"tags":[]},{"ancestorTitles":["SortControls"],"fullName":"SortControls renders all sort options","status":"passed","title":"renders all sort options","duration":15.517916000000014,"failureMessages":[],"meta":{},"tags":[]},{"ancestorTitles":["SortControls"],"fullName":"SortControls calls onChange with new key and desc direction when a different key is selected","status":"passed","title":"calls onChange with new key and desc direction when a different key is selected","duration":23.597500000000082,"failureMessages":[],"meta":{},"tags":[]},{"ancestorTitles":["SortControls"],"fullName":"SortControls toggles direction when the same key is selected again","status":"passed","title":"toggles direction when the same key is selected again","duration":7.7350830000000315,"failureMessages":[],"meta":{},"tags":[]},{"ancestorTitles":["SortControls"],"fullName":"SortControls toggles direction when toggle button is clicked","status":"passed","title":"toggles direction when toggle button is clicked","duration":125.01133300000015,"failureMessages":[],"meta":{},"tags":[]},{"ancestorTitles":["SortControls"],"fullName":"SortControls shows ascending label when direction is asc","status":"passed","title":"shows ascending label when direction is asc","duration":2.0245409999999993,"failureMessages":[],"meta":{},"tags":[]},{"ancestorTitles":["SortControls"],"fullName":"SortControls shows descending label when direction is desc","status":"passed","title":"shows descending label when direction is desc","duration":1.1931660000000193,"failureMessages":[],"meta":{},"tags":[]},{"ancestorTitles":["SortControls"],"fullName":"SortControls has accessible group label","status":"passed","title":"has accessible group label","duration":28.623874999999998,"failureMessages":[],"meta":{},"tags":[]}],"startTime":1773813367729,"endTime":1773813367982.6238,"status":"passed","message":"","name":"/Users/Utkarsh.x.Chaturvedi/Documents/backup/IndigoProjects/my-kiro-poc/__tests__/components/SortControls.test.tsx"},{"assertionResults":[{"ancestorTitles":["Feature: dream-team-selector, Property 1: Generate button enabled iff two distinct teams selected"],"fullName":"Feature: dream-team-selector, Property 1: Generate button enabled iff two distinct teams selected button is enabled iff both teams are non-null and different; validation message shown when same team selected","status":"passed","title":"button is enabled iff both teams are non-null and different; validation message shown when same team selected","duration":614.3138329999999,"failureMessages":[],"meta":{},"tags":[]},{"ancestorTitles":["TeamPicker unit tests"],"fullName":"TeamPicker unit tests renders all teams as options","status":"passed","title":"renders all teams as options","duration":18.338833000000022,"failureMessages":[],"meta":{},"tags":[]},{"ancestorTitles":["TeamPicker unit tests"],"fullName":"TeamPicker unit tests handles selection changes","status":"passed","title":"handles selection changes","duration":8.23595800000021,"failureMessages":[],"meta":{},"tags":[]},{"ancestorTitles":["TeamPicker unit tests"],"fullName":"TeamPicker unit tests shows validation message when same team selected","status":"passed","title":"shows validation message when same team selected","duration":1.539792000000034,"failureMessages":[],"meta":{},"tags":[]},{"ancestorTitles":["TeamPicker unit tests"],"fullName":"TeamPicker unit tests does not show validation message when different teams selected","status":"passed","title":"does not show validation message when different teams selected","duration":1.1642919999999322,"failureMessages":[],"meta":{},"tags":[]}],"startTime":1773813367138,"endTime":1773813367786.1643,"status":"passed","message":"","name":"/Users/Utkarsh.x.Chaturvedi/Documents/backup/IndigoProjects/my-kiro-poc/__tests__/components/TeamPicker.dreamteam.test.tsx"},{"assertionResults":[{"ancestorTitles":["Property 7: Aggregate stats are correct sums"],"fullName":"Property 7: Aggregate stats are correct sums aggregate batting runs equal the sum of all season batting runs","status":"passed","title":"aggregate batting runs equal the sum of all season batting runs","duration":15.410750000000007,"failureMessages":[],"meta":{},"tags":[]},{"ancestorTitles":["Property 7: Aggregate stats are correct sums"],"fullName":"Property 7: Aggregate stats are correct sums aggregate bowling wickets equal the sum of all season bowling wickets","status":"passed","title":"aggregate bowling wickets equal the sum of all season bowling wickets","duration":9.96612499999992,"failureMessages":[],"meta":{},"tags":[]},{"ancestorTitles":["getSeasonStats"],"fullName":"getSeasonStats returns the correct season stats for a valid season","status":"passed","title":"returns the correct season stats for a valid season","duration":0.125583000000006,"failureMessages":[],"meta":{},"tags":[]},{"ancestorTitles":["getSeasonStats"],"fullName":"getSeasonStats returns undefined for a season that does not exist","status":"passed","title":"returns undefined for a season that does not exist","duration":0.05654200000003584,"failureMessages":[],"meta":{},"tags":[]}],"startTime":1773813369622,"endTime":1773813369647.1255,"status":"passed","message":"","name":"/Users/Utkarsh.x.Chaturvedi/Documents/backup/IndigoProjects/my-kiro-poc/__tests__/utils/aggregateStats.test.ts"},{"assertionResults":[{"ancestorTitles":["computeBattingScore"],"fullName":"computeBattingScore returns 0 for undefined stats","status":"passed","title":"returns 0 for undefined stats","duration":1.5262910000000147,"failureMessages":[],"meta":{},"tags":[]},{"ancestorTitles":["computeBattingScore"],"fullName":"computeBattingScore computes correct score for known stats","status":"passed","title":"computes correct score for known stats","duration":0.4311249999999518,"failureMessages":[],"meta":{},"tags":[]},{"ancestorTitles":["computeBattingScore"],"fullName":"computeBattingScore computes correct score for partial stats","status":"passed","title":"computes correct score for partial stats","duration":0.1685420000000022,"failureMessages":[],"meta":{},"tags":[]},{"ancestorTitles":["computeBattingScore"],"fullName":"computeBattingScore clamps values above maximum","status":"passed","title":"clamps values above maximum","duration":0.3047080000000051,"failureMessages":[],"meta":{},"tags":[]},{"ancestorTitles":["computeBattingScore"],"fullName":"computeBattingScore returns 0 for all-zero stats","status":"passed","title":"returns 0 for all-zero stats","duration":0.19024999999999181,"failureMessages":[],"meta":{},"tags":[]},{"ancestorTitles":["computeBowlingScore"],"fullName":"computeBowlingScore returns 0 for undefined stats","status":"passed","title":"returns 0 for undefined stats","duration":0.26041699999996126,"failureMessages":[],"meta":{},"tags":[]},{"ancestorTitles":["computeBowlingScore"],"fullName":"computeBowlingScore computes max score for perfect bowling stats","status":"passed","title":"computes max score for perfect bowling stats","duration":0.282291999999984,"failureMessages":[],"meta":{},"tags":[]},{"ancestorTitles":["computeBowlingScore"],"fullName":"computeBowlingScore computes correct score for known stats","status":"passed","title":"computes correct score for known stats","duration":0.22587499999997362,"failureMessages":[],"meta":{},"tags":[]},{"ancestorTitles":["computeBowlingScore"],"fullName":"computeBowlingScore returns minimum score for worst bowling stats","status":"passed","title":"returns minimum score for worst bowling stats","duration":0.7548339999999598,"failureMessages":[],"meta":{},"tags":[]},{"ancestorTitles":["hasHeadToHead"],"fullName":"hasHeadToHead returns true when opponent team has players in the same season","status":"passed","title":"returns true when opponent team has players in the same season","duration":0.36379200000010314,"failureMessages":[],"meta":{},"tags":[]},{"ancestorTitles":["hasHeadToHead"],"fullName":"hasHeadToHead returns false when opponent team has no players in the same season","status":"passed","title":"returns false when opponent team has no players in the same season","duration":0.2643749999999727,"failureMessages":[],"meta":{},"tags":[]},{"ancestorTitles":["hasHeadToHead"],"fullName":"hasHeadToHead returns false when no allPlayers provided","status":"passed","title":"returns false when no allPlayers provided","duration":0.10725000000002183,"failureMessages":[],"meta":{},"tags":[]},{"ancestorTitles":["hasHeadToHead"],"fullName":"hasHeadToHead returns false when player has no seasons","status":"passed","title":"returns false when player has no seasons","duration":0.09829100000001745,"failureMessages":[],"meta":{},"tags":[]},{"ancestorTitles":["hasHeadToHead"],"fullName":"hasHeadToHead skips seasons where player played for the opponent team","status":"passed","title":"skips seasons where player played for the opponent team","duration":0.10287499999992633,"failureMessages":[],"meta":{},"tags":[]},{"ancestorTitles":["computePlayerScore"],"fullName":"computePlayerScore uses batting score only for Batters","status":"passed","title":"uses batting score only for Batters","duration":0.3383329999999205,"failureMessages":[],"meta":{},"tags":[]},{"ancestorTitles":["computePlayerScore"],"fullName":"computePlayerScore uses bowling score only for Bowlers","status":"passed","title":"uses bowling score only for Bowlers","duration":0.15150000000005548,"failureMessages":[],"meta":{},"tags":[]},{"ancestorTitles":["computePlayerScore"],"fullName":"computePlayerScore uses 50/50 batting+bowling for All-Rounders","status":"passed","title":"uses 50/50 batting+bowling for All-Rounders","duration":0.2529580000000351,"failureMessages":[],"meta":{},"tags":[]},{"ancestorTitles":["computePlayerScore"],"fullName":"computePlayerScore applies 1.1x head-to-head bonus","status":"passed","title":"applies 1.1x head-to-head bonus","duration":0.14591700000005403,"failureMessages":[],"meta":{},"tags":[]},{"ancestorTitles":["computePlayerScore"],"fullName":"computePlayerScore uses season-specific stats when season is provided","status":"passed","title":"uses season-specific stats when season is provided","duration":0.4742919999999913,"failureMessages":[],"meta":{},"tags":[]},{"ancestorTitles":["computePlayerScore"],"fullName":"computePlayerScore returns 0 when player has no data for the specified season","status":"passed","title":"returns 0 when player has no data for the specified season","duration":0.44612500000005184,"failureMessages":[],"meta":{},"tags":[]},{"ancestorTitles":["computePlayerScore"],"fullName":"computePlayerScore uses batting score for Wicket-Keepers","status":"passed","title":"uses batting score for Wicket-Keepers","duration":0.30387499999994816,"failureMessages":[],"meta":{},"tags":[]},{"ancestorTitles":["getTeamsFromPlayers"],"fullName":"getTeamsFromPlayers returns sorted unique team names","status":"passed","title":"returns sorted unique team names","duration":0.7097499999999854,"failureMessages":[],"meta":{},"tags":[]},{"ancestorTitles":["getTeamsFromPlayers"],"fullName":"getTeamsFromPlayers returns empty array for no players","status":"passed","title":"returns empty array for no players","duration":0.17399999999997817,"failureMessages":[],"meta":{},"tags":[]},{"ancestorTitles":["getSeasonsFromPlayers"],"fullName":"getSeasonsFromPlayers returns sorted unique seasons","status":"passed","title":"returns sorted unique seasons","duration":0.28979199999992034,"failureMessages":[],"meta":{},"tags":[]},{"ancestorTitles":["getSeasonsFromPlayers"],"fullName":"getSeasonsFromPlayers returns empty array for no players","status":"passed","title":"returns empty array for no players","duration":0.1268329999999196,"failureMessages":[],"meta":{},"tags":[]},{"ancestorTitles":["Property 2: Score uses correct role-based components"],"fullName":"Property 2: Score uses correct role-based components pure Batters use batting score only","status":"passed","title":"pure Batters use batting score only","duration":38.60629199999994,"failureMessages":[],"meta":{},"tags":[]},{"ancestorTitles":["Property 2: Score uses correct role-based components"],"fullName":"Property 2: Score uses correct role-based components Wicket-Keepers use batting score only","status":"passed","title":"Wicket-Keepers use batting score only","duration":41.68420800000001,"failureMessages":[],"meta":{},"tags":[]},{"ancestorTitles":["Property 2: Score uses correct role-based components"],"fullName":"Property 2: Score uses correct role-based components pure Bowlers use bowling score only","status":"passed","title":"pure Bowlers use bowling score only","duration":15.545624999999973,"failureMessages":[],"meta":{},"tags":[]},{"ancestorTitles":["Property 2: Score uses correct role-based components"],"fullName":"Property 2: Score uses correct role-based components All-Rounders use 0.5 × batting + 0.5 × bowling","status":"passed","title":"All-Rounders use 0.5 × batting + 0.5 × bowling","duration":11.08766700000001,"failureMessages":[],"meta":{},"tags":[]},{"ancestorTitles":["Property 3: Head-to-head bonus increases score"],"fullName":"Property 3: Head-to-head bonus increases score score with H2H > score without for any player with positive base score","status":"passed","title":"score with H2H > score without for any player with positive base score","duration":15.007999999999925,"failureMessages":[],"meta":{},"tags":[]},{"ancestorTitles":["Property 4: Score normalization range"],"fullName":"Property 4: Score normalization range base score (before H2H bonus) is in [0, 100] for any player","status":"passed","title":"base score (before H2H bonus) is in [0, 100] for any player","duration":7.571125000000052,"failureMessages":[],"meta":{},"tags":[]},{"ancestorTitles":["Property 4: Score normalization range"],"fullName":"Property 4: Score normalization range computeBattingScore is in [0, 100] for any stats","status":"passed","title":"computeBattingScore is in [0, 100] for any stats","duration":28.900999999999954,"failureMessages":[],"meta":{},"tags":[]},{"ancestorTitles":["Property 4: Score normalization range"],"fullName":"Property 4: Score normalization range computeBowlingScore is in [0, 100] for any stats","status":"passed","title":"computeBowlingScore is in [0, 100] for any stats","duration":7.005832999999939,"failureMessages":[],"meta":{},"tags":[]},{"ancestorTitles":["Property 5: Dream XI composition constraints"],"fullName":"Property 5: Dream XI composition constraints selects exactly 11 players with correct role composition from two teams","status":"passed","title":"selects exactly 11 players with correct role composition from two teams","duration":131.16591700000004,"failureMessages":[],"meta":{},"tags":[]},{"ancestorTitles":["Property 6: Season filter restricts players and stats"],"fullName":"Property 6: Season filter restricts players and stats every selected player has data for the filtered season","status":"passed","title":"every selected player has data for the filtered season","duration":100.87008300000002,"failureMessages":[],"meta":{},"tags":[]},{"ancestorTitles":["Property 6: Season filter restricts players and stats"],"fullName":"Property 6: Season filter restricts players and stats no player without data for the filtered season appears in the result","status":"passed","title":"no player without data for the filtered season appears in the result","duration":217.35241599999995,"failureMessages":[],"meta":{},"tags":[]},{"ancestorTitles":["selectDreamXI edge cases"],"fullName":"selectDreamXI edge cases returns empty result when no players match the teams","status":"passed","title":"returns empty result when no players match the teams","duration":0.3489169999998012,"failureMessages":[],"meta":{},"tags":[]},{"ancestorTitles":["selectDreamXI edge cases"],"fullName":"selectDreamXI edge cases relaxes composition when not enough players of a role","status":"passed","title":"relaxes composition when not enough players of a role","duration":0.4477079999999205,"failureMessages":[],"meta":{},"tags":[]},{"ancestorTitles":["selectDreamXI edge cases"],"fullName":"selectDreamXI edge cases handles teams with very few players","status":"passed","title":"handles teams with very few players","duration":0.27879200000006676,"failureMessages":[],"meta":{},"tags":[]},{"ancestorTitles":["selectDreamXI edge cases"],"fullName":"selectDreamXI edge cases season filter yielding no eligible players","status":"passed","title":"season filter yielding no eligible players","duration":1.6890420000001996,"failureMessages":[],"meta":{},"tags":[]},{"ancestorTitles":["selectDreamXI edge cases"],"fullName":"selectDreamXI edge cases selects from both teams even with uneven distribution","status":"passed","title":"selects from both teams even with uneven distribution","duration":0.8826249999999618,"failureMessages":[],"meta":{},"tags":[]}],"startTime":1773813366318,"endTime":1773813366947.8826,"status":"passed","message":"","name":"/Users/Utkarsh.x.Chaturvedi/Documents/backup/IndigoProjects/my-kiro-poc/__tests__/utils/dreamTeamEngine.test.ts"},{"assertionResults":[{"ancestorTitles":["filterPlayers"],"fullName":"filterPlayers returns all players when no filters or search are active","status":"passed","title":"returns all players when no filters or search are active","duration":2.270667000000003,"failureMessages":[],"meta":{},"tags":[]},{"ancestorTitles":["filterPlayers"],"fullName":"filterPlayers filters by name search (case-insensitive)","status":"passed","title":"filters by name search (case-insensitive)","duration":0.27070800000001327,"failureMessages":[],"meta":{},"tags":[]},{"ancestorTitles":["filterPlayers"],"fullName":"filterPlayers filters by primary role","status":"passed","title":"filters by primary role","duration":0.5187500000001819,"failureMessages":[],"meta":{},"tags":[]},{"ancestorTitles":["filterPlayers"],"fullName":"filterPlayers filters by secondary role","status":"passed","title":"filters by secondary role","duration":0.5887920000000122,"failureMessages":[],"meta":{},"tags":[]},{"ancestorTitles":["filterPlayers"],"fullName":"filterPlayers filters by primary + secondary role","status":"passed","title":"filters by primary + secondary role","duration":7.052165999999943,"failureMessages":[],"meta":{},"tags":[]},{"ancestorTitles":["filterPlayers"],"fullName":"filterPlayers filters by team","status":"passed","title":"filters by team","duration":0.40820800000005875,"failureMessages":[],"meta":{},"tags":[]},{"ancestorTitles":["filterPlayers"],"fullName":"filterPlayers filters by season","status":"passed","title":"filters by season","duration":0.25795799999991686,"failureMessages":[],"meta":{},"tags":[]},{"ancestorTitles":["filterPlayers"],"fullName":"filterPlayers intersects multiple filters","status":"passed","title":"intersects multiple filters","duration":0.0985840000000735,"failureMessages":[],"meta":{},"tags":[]},{"ancestorTitles":["filterPlayers"],"fullName":"filterPlayers returns empty for empty player list","status":"passed","title":"returns empty for empty player list","duration":0.4004160000001775,"failureMessages":[],"meta":{},"tags":[]},{"ancestorTitles":["Property 2: Search filters by name substring (case-insensitive)"],"fullName":"Property 2: Search filters by name substring (case-insensitive) filtered result contains exactly the players whose name includes the query (case-insensitive)","status":"passed","title":"filtered result contains exactly the players whose name includes the query (case-insensitive)","duration":52.397290999999996,"failureMessages":[],"meta":{},"tags":[]},{"ancestorTitles":["Property 3: Empty search is identity"],"fullName":"Property 3: Empty search is identity filtering with empty search produces the same result as no search query","status":"passed","title":"filtering with empty search produces the same result as no search query","duration":34.96587499999987,"failureMessages":[],"meta":{},"tags":[]},{"ancestorTitles":["Property 4: Single-dimension filter correctness"],"fullName":"Property 4: Single-dimension filter correctness primary role filter returns exactly the players matching that primary role","status":"passed","title":"primary role filter returns exactly the players matching that primary role","duration":20.277207999999973,"failureMessages":[],"meta":{},"tags":[]},{"ancestorTitles":["Property 4: Single-dimension filter correctness"],"fullName":"Property 4: Single-dimension filter correctness team filter returns exactly the players matching that team","status":"passed","title":"team filter returns exactly the players matching that team","duration":30.961708000000044,"failureMessages":[],"meta":{},"tags":[]},{"ancestorTitles":["Property 5: Season filter returns season-specific stats"],"fullName":"Property 5: Season filter returns season-specific stats filtered result contains only players who have stats for the selected season","status":"passed","title":"filtered result contains only players who have stats for the selected season","duration":22.11354099999994,"failureMessages":[],"meta":{},"tags":[]},{"ancestorTitles":["Property 6: Filter composition is intersection"],"fullName":"Property 6: Filter composition is intersection combined filters equal the intersection of each filter applied individually","status":"passed","title":"combined filters equal the intersection of each filter applied individually","duration":18.56749999999988,"failureMessages":[],"meta":{},"tags":[]}],"startTime":1773813369288,"endTime":1773813369480.5674,"status":"passed","message":"","name":"/Users/Utkarsh.x.Chaturvedi/Documents/backup/IndigoProjects/my-kiro-poc/__tests__/utils/filterPlayers.test.ts"},{"assertionResults":[{"ancestorTitles":["graphDataUtils property tests"],"fullName":"graphDataUtils property tests Property 1: transformBattingData output length equals seasons with batting data and values match","status":"passed","title":"Property 1: transformBattingData output length equals seasons with batting data and values match","duration":55.245291999999836,"failureMessages":[],"meta":{},"tags":[]},{"ancestorTitles":["graphDataUtils property tests"],"fullName":"graphDataUtils property tests Property 2: transformBowlingData output length equals seasons with bowling data and values match","status":"passed","title":"Property 2: transformBowlingData output length equals seasons with bowling data and values match","duration":23.567583000000013,"failureMessages":[],"meta":{},"tags":[]},{"ancestorTitles":["graphDataUtils property tests"],"fullName":"graphDataUtils property tests Property 3: transformBattingData and transformBowlingData return arrays sorted by season ascending","status":"passed","title":"Property 3: transformBattingData and transformBowlingData return arrays sorted by season ascending","duration":21.45550000000003,"failureMessages":[],"meta":{},"tags":[]},{"ancestorTitles":["graphDataUtils property tests"],"fullName":"graphDataUtils property tests Property 4: getChartVisibility returns correct showBatting, showBowling, battingPrimary","status":"passed","title":"Property 4: getChartVisibility returns correct showBatting, showBowling, battingPrimary","duration":9.698167000000012,"failureMessages":[],"meta":{},"tags":[]},{"ancestorTitles":["graphDataUtils property tests"],"fullName":"graphDataUtils property tests Property 5: transforming season data into chart data points yields identical numeric values to original","status":"passed","title":"Property 5: transforming season data into chart data points yields identical numeric values to original","duration":29.649999999999864,"failureMessages":[],"meta":{},"tags":[]}],"startTime":1773813369309,"endTime":1773813369451.65,"status":"passed","message":"","name":"/Users/Utkarsh.x.Chaturvedi/Documents/backup/IndigoProjects/my-kiro-poc/__tests__/utils/graphDataUtils.test.ts"},{"assertionResults":[{"ancestorTitles":["getQualifyingInnings"],"fullName":"getQualifyingInnings returns 0 when qualifierType is \"none\"","status":"passed","title":"returns 0 when qualifierType is \"none\"","duration":1.1719170000001213,"failureMessages":[],"meta":{},"tags":[]},{"ancestorTitles":["getQualifyingInnings"],"fullName":"getQualifyingInnings sums batting innings across all seasons","status":"passed","title":"sums batting innings across all seasons","duration":0.18875000000002728,"failureMessages":[],"meta":{},"tags":[]},{"ancestorTitles":["getQualifyingInnings"],"fullName":"getQualifyingInnings sums bowling innings across all seasons","status":"passed","title":"sums bowling innings across all seasons","duration":0.0882090000000062,"failureMessages":[],"meta":{},"tags":[]},{"ancestorTitles":["getQualifyingInnings"],"fullName":"getQualifyingInnings returns 0 when player has no batting data for batting qualifier","status":"passed","title":"returns 0 when player has no batting data for batting qualifier","duration":0.10900000000015098,"failureMessages":[],"meta":{},"tags":[]},{"ancestorTitles":["getQualifyingInnings"],"fullName":"getQualifyingInnings returns 0 when player has no bowling data for bowling qualifier","status":"passed","title":"returns 0 when player has no bowling data for bowling qualifier","duration":0.06908300000009149,"failureMessages":[],"meta":{},"tags":[]},{"ancestorTitles":["getQualifyingInnings"],"fullName":"getQualifyingInnings returns 0 when player has no seasons","status":"passed","title":"returns 0 when player has no seasons","duration":0.06341700000007222,"failureMessages":[],"meta":{},"tags":[]},{"ancestorTitles":["getQualifyingInnings"],"fullName":"getQualifyingInnings filters to a specific season when season is provided","status":"passed","title":"filters to a specific season when season is provided","duration":0.1449999999999818,"failureMessages":[],"meta":{},"tags":[]},{"ancestorTitles":["getQualifyingInnings"],"fullName":"getQualifyingInnings returns 0 when season filter matches no seasons","status":"passed","title":"returns 0 when season filter matches no seasons","duration":0.10487499999999272,"failureMessages":[],"meta":{},"tags":[]},{"ancestorTitles":["getQualifyingInnings"],"fullName":"getQualifyingInnings only counts innings from the matching qualifier type","status":"passed","title":"only counts innings from the matching qualifier type","duration":0.3466670000000249,"failureMessages":[],"meta":{},"tags":[]},{"ancestorTitles":["computeLeaderboard"],"fullName":"computeLeaderboard returns empty result when no players provided","status":"passed","title":"returns empty result when no players provided","duration":0.38858299999992596,"failureMessages":[],"meta":{},"tags":[]},{"ancestorTitles":["computeLeaderboard"],"fullName":"computeLeaderboard ranks players by descending stat value for 'higher' direction","status":"passed","title":"ranks players by descending stat value for 'higher' direction","duration":0.3184590000000753,"failureMessages":[],"meta":{},"tags":[]},{"ancestorTitles":["computeLeaderboard"],"fullName":"computeLeaderboard ranks players by ascending stat value for 'lower' direction","status":"passed","title":"ranks players by ascending stat value for 'lower' direction","duration":0.09737499999982901,"failureMessages":[],"meta":{},"tags":[]},{"ancestorTitles":["computeLeaderboard"],"fullName":"computeLeaderboard identifies best, average, and worst correctly","status":"passed","title":"identifies best, average, and worst correctly","duration":0.166541000000052,"failureMessages":[],"meta":{},"tags":[]},{"ancestorTitles":["computeLeaderboard"],"fullName":"computeLeaderboard filters out players who don't meet minimum innings qualifier","status":"passed","title":"filters out players who don't meet minimum innings qualifier","duration":0.40179200000011406,"failureMessages":[],"meta":{},"tags":[]},{"ancestorTitles":["computeLeaderboard"],"fullName":"computeLeaderboard filters out players without relevant stat data","status":"passed","title":"filters out players without relevant stat data","duration":0.12541699999997036,"failureMessages":[],"meta":{},"tags":[]},{"ancestorTitles":["computeLeaderboard"],"fullName":"computeLeaderboard applies season filter correctly","status":"passed","title":"applies season filter correctly","duration":0.09349999999994907,"failureMessages":[],"meta":{},"tags":[]},{"ancestorTitles":["computeLeaderboard"],"fullName":"computeLeaderboard applies minSeasons filter for consistency category","status":"passed","title":"applies minSeasons filter for consistency category","duration":0.10325000000011642,"failureMessages":[],"meta":{},"tags":[]},{"ancestorTitles":["computeLeaderboard"],"fullName":"computeLeaderboard returns single player as best, average, and worst","status":"passed","title":"returns single player as best, average, and worst","duration":0.1277500000001055,"failureMessages":[],"meta":{},"tags":[]},{"ancestorTitles":["Property-based tests"],"fullName":"Property-based tests Feature: champions-leaderboard, Property 1: Sort-order invariant","status":"passed","title":"Feature: champions-leaderboard, Property 1: Sort-order invariant","duration":46.609874999999874,"failureMessages":[],"meta":{},"tags":[]},{"ancestorTitles":["Property-based tests"],"fullName":"Property-based tests Feature: champions-leaderboard, Property 2: Ranking idempotence","status":"passed","title":"Feature: champions-leaderboard, Property 2: Ranking idempotence","duration":80.60704200000009,"failureMessages":[],"meta":{},"tags":[]},{"ancestorTitles":["Property-based tests"],"fullName":"Property-based tests Feature: champions-leaderboard, Property 3: Size preservation","status":"passed","title":"Feature: champions-leaderboard, Property 3: Size preservation","duration":37.74279200000001,"failureMessages":[],"meta":{},"tags":[]},{"ancestorTitles":["Property-based tests"],"fullName":"Property-based tests Feature: champions-leaderboard, Property 4: Tier ordering","status":"passed","title":"Feature: champions-leaderboard, Property 4: Tier ordering","duration":25.421082999999953,"failureMessages":[],"meta":{},"tags":[]},{"ancestorTitles":["Property-based tests"],"fullName":"Property-based tests Feature: champions-leaderboard, Property 5: Qualifier filtering","status":"passed","title":"Feature: champions-leaderboard, Property 5: Qualifier filtering","duration":45.96137500000009,"failureMessages":[],"meta":{},"tags":[]},{"ancestorTitles":["Property-based tests"],"fullName":"Property-based tests Feature: champions-leaderboard, Property 6: Season filter restricts data","status":"passed","title":"Feature: champions-leaderboard, Property 6: Season filter restricts data","duration":33.90816700000005,"failureMessages":[],"meta":{},"tags":[]},{"ancestorTitles":["Property-based tests"],"fullName":"Property-based tests Feature: champions-leaderboard, Property 7: Null stat exclusion","status":"passed","title":"Feature: champions-leaderboard, Property 7: Null stat exclusion","duration":55.85587499999997,"failureMessages":[],"meta":{},"tags":[]},{"ancestorTitles":["Property-based tests"],"fullName":"Property-based tests Feature: champions-leaderboard, Property 8: Consistency minimum seasons","status":"passed","title":"Feature: champions-leaderboard, Property 8: Consistency minimum seasons","duration":40.87124999999992,"failureMessages":[],"meta":{},"tags":[]}],"startTime":1773813367645,"endTime":1773813368016.8713,"status":"passed","message":"","name":"/Users/Utkarsh.x.Chaturvedi/Documents/backup/IndigoProjects/my-kiro-poc/__tests__/utils/leaderboardEngine.test.ts"},{"assertionResults":[{"ancestorTitles":["Property 12: Player JSON round-trip"],"fullName":"Property 12: Player JSON round-trip JSON.parse(JSON.stringify(player)) deep-equals the original","status":"passed","title":"JSON.parse(JSON.stringify(player)) deep-equals the original","duration":15.999415999999997,"failureMessages":[],"meta":{},"tags":[]}],"startTime":1773813369805,"endTime":1773813369820.9995,"status":"passed","message":"","name":"/Users/Utkarsh.x.Chaturvedi/Documents/backup/IndigoProjects/my-kiro-poc/__tests__/utils/playerData.test.ts"},{"assertionResults":[{"ancestorTitles":["getStatValue","season-specific stats"],"fullName":"getStatValue season-specific stats returns runs for a specific season","status":"passed","title":"returns runs for a specific season","duration":1.2004590000001372,"failureMessages":[],"meta":{},"tags":[]},{"ancestorTitles":["getStatValue","season-specific stats"],"fullName":"getStatValue season-specific stats returns wickets for a specific season","status":"passed","title":"returns wickets for a specific season","duration":0.11133399999994253,"failureMessages":[],"meta":{},"tags":[]},{"ancestorTitles":["getStatValue","season-specific stats"],"fullName":"getStatValue season-specific stats returns average for a specific season","status":"passed","title":"returns average for a specific season","duration":0.06404100000008839,"failureMessages":[],"meta":{},"tags":[]},{"ancestorTitles":["getStatValue","season-specific stats"],"fullName":"getStatValue season-specific stats returns strikeRate for a specific season","status":"passed","title":"returns strikeRate for a specific season","duration":0.07383299999992232,"failureMessages":[],"meta":{},"tags":[]},{"ancestorTitles":["getStatValue","season-specific stats"],"fullName":"getStatValue season-specific stats returns economy for a specific season","status":"passed","title":"returns economy for a specific season","duration":0.05933299999992414,"failureMessages":[],"meta":{},"tags":[]},{"ancestorTitles":["getStatValue","season-specific stats"],"fullName":"getStatValue season-specific stats returns 0 for a season that does not exist","status":"passed","title":"returns 0 for a season that does not exist","duration":0.047416999999995824,"failureMessages":[],"meta":{},"tags":[]},{"ancestorTitles":["getStatValue","season-specific stats"],"fullName":"getStatValue season-specific stats returns 0 for a stat not available on the player","status":"passed","title":"returns 0 for a stat not available on the player","duration":0.13866699999994125,"failureMessages":[],"meta":{},"tags":[]},{"ancestorTitles":["getStatValue","aggregate stats"],"fullName":"getStatValue aggregate stats sums runs across all seasons","status":"passed","title":"sums runs across all seasons","duration":0.11354200000005221,"failureMessages":[],"meta":{},"tags":[]},{"ancestorTitles":["getStatValue","aggregate stats"],"fullName":"getStatValue aggregate stats sums wickets across all seasons","status":"passed","title":"sums wickets across all seasons","duration":0.29112499999996544,"failureMessages":[],"meta":{},"tags":[]},{"ancestorTitles":["getStatValue","aggregate stats"],"fullName":"getStatValue aggregate stats computes weighted batting average (total runs / total innings)","status":"passed","title":"computes weighted batting average (total runs / total innings)","duration":0.11325000000010732,"failureMessages":[],"meta":{},"tags":[]},{"ancestorTitles":["getStatValue","aggregate stats"],"fullName":"getStatValue aggregate stats computes weighted strike rate by innings","status":"passed","title":"computes weighted strike rate by innings","duration":0.09795800000006238,"failureMessages":[],"meta":{},"tags":[]},{"ancestorTitles":["getStatValue","aggregate stats"],"fullName":"getStatValue aggregate stats computes weighted economy by bowling innings","status":"passed","title":"computes weighted economy by bowling innings","duration":0.04529200000001765,"failureMessages":[],"meta":{},"tags":[]},{"ancestorTitles":["getStatValue","aggregate stats"],"fullName":"getStatValue aggregate stats returns 0 for runs when player has no batting stats","status":"passed","title":"returns 0 for runs when player has no batting stats","duration":0.03175000000010186,"failureMessages":[],"meta":{},"tags":[]},{"ancestorTitles":["getStatValue","aggregate stats"],"fullName":"getStatValue aggregate stats returns 0 for wickets when player has no bowling stats","status":"passed","title":"returns 0 for wickets when player has no bowling stats","duration":0.028833000000076936,"failureMessages":[],"meta":{},"tags":[]},{"ancestorTitles":["getStatValue","aggregate stats"],"fullName":"getStatValue aggregate stats returns 0 for unknown stat key","status":"passed","title":"returns 0 for unknown stat key","duration":0.027375000000120053,"failureMessages":[],"meta":{},"tags":[]},{"ancestorTitles":["sortPlayers"],"fullName":"sortPlayers does not mutate the original array","status":"passed","title":"does not mutate the original array","duration":0.34058299999992414,"failureMessages":[],"meta":{},"tags":[]},{"ancestorTitles":["sortPlayers"],"fullName":"sortPlayers sorts by runs descending","status":"passed","title":"sorts by runs descending","duration":0.05645800000002055,"failureMessages":[],"meta":{},"tags":[]},{"ancestorTitles":["sortPlayers"],"fullName":"sortPlayers sorts by runs ascending","status":"passed","title":"sorts by runs ascending","duration":0.04774999999995089,"failureMessages":[],"meta":{},"tags":[]},{"ancestorTitles":["sortPlayers"],"fullName":"sortPlayers sorts by wickets descending","status":"passed","title":"sorts by wickets descending","duration":0.048125000000027285,"failureMessages":[],"meta":{},"tags":[]},{"ancestorTitles":["sortPlayers"],"fullName":"sortPlayers sorts by economy descending","status":"passed","title":"sorts by economy descending","duration":0.04787499999997635,"failureMessages":[],"meta":{},"tags":[]},{"ancestorTitles":["sortPlayers"],"fullName":"sortPlayers handles empty player array","status":"passed","title":"handles empty player array","duration":0.035000000000081855,"failureMessages":[],"meta":{},"tags":[]},{"ancestorTitles":["sortPlayers"],"fullName":"sortPlayers handles single player array","status":"passed","title":"handles single player array","duration":0.34408300000018244,"failureMessages":[],"meta":{},"tags":[]},{"ancestorTitles":["Property 10: Sort ordering"],"fullName":"Property 10: Sort ordering sorted result is in descending order by the selected statistic","status":"passed","title":"sorted result is in descending order by the selected statistic","duration":35.71079200000008,"failureMessages":[],"meta":{},"tags":[]},{"ancestorTitles":["Property 11: Sort toggle is involution"],"fullName":"Property 11: Sort toggle is involution sorting ascending then descending by the same key produces the reverse of each other","status":"passed","title":"sorting ascending then descending by the same key produces the reverse of each other","duration":24.9357500000001,"failureMessages":[],"meta":{},"tags":[]}],"startTime":1773813369496,"endTime":1773813369559.9358,"status":"passed","message":"","name":"/Users/Utkarsh.x.Chaturvedi/Documents/backup/IndigoProjects/my-kiro-poc/__tests__/utils/sortPlayers.test.ts"}]}
